<?xml version="1.0" encoding="UTF-8"?>
<!-- Generated by org.testng.reporters.JUnitReportReporter -->
<testsuite hostname="Pranesh" failures="0" tests="1" name="guviAtProject.OrangeHrmLogin" time="20.303" errors="0" timestamp="2023-01-01T09:13:08 IST" skipped="0">
  <testcase classname="guviAtProject.OrangeHrmLogin" name="f" time="20.303"/>
  <system-out/>
</testsuite> <!-- guviAtProject.OrangeHrmLogin -->
