<?xml version="1.0" encoding="UTF-8"?>
<!-- Generated by org.testng.reporters.JUnitReportReporter -->
<testsuite hostname="Pranesh" failures="0" tests="1" name="guviAtProject.InvalidCredential" time="24.543" errors="0" timestamp="2023-01-01T09:20:17 IST" skipped="0">
  <testcase classname="guviAtProject.InvalidCredential" name="f" time="24.543"/>
  <system-out/>
</testsuite> <!-- guviAtProject.InvalidCredential -->
