<?xml version="1.0" encoding="UTF-8"?>
<!-- Generated by org.testng.reporters.JUnitReportReporter -->
<testsuite hostname="Pranesh" failures="0" tests="1" name="guviAtProject.DeleteFunc" time="19.630" errors="0" timestamp="2023-01-01T11:39:16 IST" skipped="0">
  <testcase classname="guviAtProject.DeleteFunc" name="f" time="19.630"/>
  <system-out/>
</testsuite> <!-- guviAtProject.DeleteFunc -->
